[debug] [2022-12-23T14:31:36.408Z] ----------------------------------------------------------------------
[debug] [2022-12-23T14:31:36.410Z] Command:       /usr/local/bin/node /usr/local/bin/firebase init
[debug] [2022-12-23T14:31:36.410Z] CLI Version:   11.19.0
[debug] [2022-12-23T14:31:36.410Z] Platform:      darwin
[debug] [2022-12-23T14:31:36.410Z] Node Version:  v16.15.0
[debug] [2022-12-23T14:31:36.411Z] Time:          Fri Dec 23 2022 23:31:36 GMT+0900 (Japan Standard Time)
[debug] [2022-12-23T14:31:36.411Z] ----------------------------------------------------------------------
[debug] 
[debug] [2022-12-23T14:31:36.415Z] > command requires scopes: ["email","openid","https://www.googleapis.com/auth/cloudplatformprojects.readonly","https://www.googleapis.com/auth/firebase","https://www.googleapis.com/auth/cloud-platform"]
[debug] [2022-12-23T14:31:36.416Z] > authorizing via signed-in user (haochide1128@gmail.com)
[info] 
     ######## #### ########  ######## ########     ###     ######  ########
     ##        ##  ##     ## ##       ##     ##  ##   ##  ##       ##
     ######    ##  ########  ######   ########  #########  ######  ######
     ##        ##  ##    ##  ##       ##     ## ##     ##       ## ##
     ##       #### ##     ## ######## ########  ##     ##  ######  ########

You're about to initialize a Firebase project in this directory:

  /Users/nishidatomoya/Downloads/NextJS-Tailwind-Responsive-main

[info] 
=== Project Setup
[info] 
[info] First, let's associate this project directory with a Firebase project.
[info] You can create multiple project aliases by running firebase use --add, 
[info] but for now we'll just set up a default project.
[info] 
[debug] [2022-12-23T14:32:00.332Z] >>> [apiv2][query] GET https://firebase.googleapis.com/v1beta1/projects pageSize=100
[debug] [2022-12-23T14:32:01.642Z] <<< [apiv2][status] GET https://firebase.googleapis.com/v1beta1/projects 200
[debug] [2022-12-23T14:32:01.642Z] <<< [apiv2][body] GET https://firebase.googleapis.com/v1beta1/projects [omitted]
[info] i  Using project demobrandkochi (demoBrandKochi) 
[info] 
=== Hosting Setup
[info] 
[info] Your public directory is the folder (relative to your project directory) that
[info] will contain Hosting assets to be uploaded with firebase deploy. If you
[info] have a build process for your assets, use your build's output directory.
[info] 
[debug] [2022-12-23T14:32:51.861Z] >>> [apiv2][query] GET https://www.gstatic.com/firebasejs/releases.json [none]
[debug] [2022-12-23T14:32:52.243Z] <<< [apiv2][status] GET https://www.gstatic.com/firebasejs/releases.json 200
[debug] [2022-12-23T14:32:52.244Z] <<< [apiv2][body] GET https://www.gstatic.com/firebasejs/releases.json {"current":{"version":"9.15.0","browserURL":"https://www.gstatic.com/firebasejs/9.15.0/firebase.js","packageURL":"https://www.gstatic.com/firebasejs/9.15.0/firebase.tgz"},"live":{"version":"9.15","browserURL":"https://www.gstatic.com/firebasejs/live/9.15/firebase.js","packageURL":"https://www.gstatic.com/firebasejs/live/9.15/firebase.tgz"},"components":{"analytics":"https://www.gstatic.com/firebasejs/9.15.0/firebase-analytics.js","app":"https://www.gstatic.com/firebasejs/9.15.0/firebase-app.js","app-check":"https://www.gstatic.com/firebasejs/9.15.0/firebase-app-check.js","auth":"https://www.gstatic.com/firebasejs/9.15.0/firebase-auth.js","auth/cordova":"https://www.gstatic.com/firebasejs/9.15.0/firebase-auth/cordova.js","auth/react-native":"https://www.gstatic.com/firebasejs/9.15.0/firebase-auth/react-native.js","functions":"https://www.gstatic.com/firebasejs/9.15.0/firebase-functions.js","firestore":"https://www.gstatic.com/firebasejs/9.15.0/firebase-firestore.js","firestore/lite":"https://www.gstatic.com/firebasejs/9.15.0/firebase-firestore/lite.js","installations":"https://www.gstatic.com/firebasejs/9.15.0/firebase-installations.js","storage":"https://www.gstatic.com/firebasejs/9.15.0/firebase-storage.js","performance":"https://www.gstatic.com/firebasejs/9.15.0/firebase-performance.js","remote-config":"https://www.gstatic.com/firebasejs/9.15.0/firebase-remote-config.js","messaging":"https://www.gstatic.com/firebasejs/9.15.0/firebase-messaging.js","messaging/sw":"https://www.gstatic.com/firebasejs/9.15.0/firebase-messaging/sw.js","database":"https://www.gstatic.com/firebasejs/9.15.0/firebase-database.js","firestore.memory":"https://www.gstatic.com/firebasejs/9.15.0/firebase-firestore.memory.js"}}
[info] ✔  Wrote y/index.html 
[info] 
[info] i  Didn't detect a .git folder. Assuming /Users/nishidatomoya/Downloads/NextJS-Tailwind-Responsive-main is the project root. 
[info] i  Authorizing with GitHub to upload your service account to a GitHub repository's secrets store. 
[info] 
[info] Visit this URL on this device to log in:
[info] https://github.com/login/oauth/authorize?client_id=89cf50f02ac6aaed3484&state=356378623&redirect_uri=http%3A%2F%2Flocalhost%3A9005&scope=read%3Auser%20repo%20public_repo
[info] 
[info] Waiting for authentication...
[debug] [2022-12-23T14:35:56.613Z] >>> [apiv2][query] POST https://github.com/login/oauth/access_token [none]
[debug] [2022-12-23T14:35:56.615Z] >>> [apiv2][body] POST https://github.com/login/oauth/access_token [stream]
[debug] [2022-12-23T14:35:57.112Z] <<< [apiv2][status] POST https://github.com/login/oauth/access_token 200
[debug] [2022-12-23T14:35:57.112Z] <<< [apiv2][body] POST https://github.com/login/oauth/access_token {"access_token":"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","token_type":"bearer","scope":"read:user,repo"}
[debug] [2022-12-23T14:35:57.121Z] >>> [apiv2][query] GET https://api.github.com/user [none]
[debug] [2022-12-23T14:35:57.565Z] <<< [apiv2][status] GET https://api.github.com/user 200
[debug] [2022-12-23T14:35:57.566Z] <<< [apiv2][body] GET https://api.github.com/user {"login":"zhiye-tomo","id":91822921,"node_id":"U_kgDOBXkbSQ","avatar_url":"https://avatars.githubusercontent.com/u/91822921?v=4","gravatar_id":"","url":"https://api.github.com/users/zhiye-tomo","html_url":"https://github.com/zhiye-tomo","followers_url":"https://api.github.com/users/zhiye-tomo/followers","following_url":"https://api.github.com/users/zhiye-tomo/following{/other_user}","gists_url":"https://api.github.com/users/zhiye-tomo/gists{/gist_id}","starred_url":"https://api.github.com/users/zhiye-tomo/starred{/owner}{/repo}","subscriptions_url":"https://api.github.com/users/zhiye-tomo/subscriptions","organizations_url":"https://api.github.com/users/zhiye-tomo/orgs","repos_url":"https://api.github.com/users/zhiye-tomo/repos","events_url":"https://api.github.com/users/zhiye-tomo/events{/privacy}","received_events_url":"https://api.github.com/users/zhiye-tomo/received_events","type":"User","site_admin":false,"name":null,"company":null,"blog":"","location":null,"email":null,"hireable":null,"bio":null,"twitter_username":null,"public_repos":7,"public_gists":0,"followers":1,"following":2,"created_at":"2021-10-03T08:13:09Z","updated_at":"2022-12-23T14:34:53Z","private_gists":0,"total_private_repos":3,"owned_private_repos":3,"disk_usage":17975,"collaborators":2,"two_factor_authentication":true,"plan":{"name":"free","space":976562499,"collaborators":0,"private_repos":10000}}
[info] 
[info] ✔  Success! Logged into GitHub as zhiye-tomo 
[info] 
[debug] [2022-12-23T14:40:02.128Z] >>> [apiv2][query] GET https://api.github.com/repos//actions/secrets/public-key type=owner
[debug] [2022-12-23T14:40:02.672Z] <<< [apiv2][status] GET https://api.github.com/repos//actions/secrets/public-key 404
[debug] [2022-12-23T14:40:02.672Z] <<< [apiv2][body] GET https://api.github.com/repos//actions/secrets/public-key {"message":"Not Found","documentation_url":"https://docs.github.com/rest"}
[debug] [2022-12-23T14:40:03.607Z] >>> [apiv2][query] GET https://api.github.com/repos//actions/secrets/public-key type=owner
[debug] [2022-12-23T14:40:04.105Z] <<< [apiv2][status] GET https://api.github.com/repos//actions/secrets/public-key 404
[debug] [2022-12-23T14:40:04.106Z] <<< [apiv2][body] GET https://api.github.com/repos//actions/secrets/public-key {"message":"Not Found","documentation_url":"https://docs.github.com/rest"}
[debug] [2022-12-23T14:42:04.555Z] >>> [apiv2][query] GET https://api.github.com/repos//actions/secrets/public-key type=owner
[debug] [2022-12-23T14:42:04.993Z] <<< [apiv2][status] GET https://api.github.com/repos//actions/secrets/public-key 404
[debug] [2022-12-23T14:42:04.993Z] <<< [apiv2][body] GET https://api.github.com/repos//actions/secrets/public-key {"message":"Not Found","documentation_url":"https://docs.github.com/rest"}
[debug] [2022-12-23T14:42:14.702Z] >>> [apiv2][query] GET https://api.github.com/repos/zhiye-tomo/actions/secrets/public-key type=owner
[debug] [2022-12-23T14:42:15.087Z] <<< [apiv2][status] GET https://api.github.com/repos/zhiye-tomo/actions/secrets/public-key 404
[debug] [2022-12-23T14:42:15.088Z] <<< [apiv2][body] GET https://api.github.com/repos/zhiye-tomo/actions/secrets/public-key {"message":"Not Found","documentation_url":"https://docs.github.com/rest"}
[debug] [2022-12-23T14:42:17.002Z] >>> [apiv2][query] GET https://api.github.com/repos/zhiye-tomo//actions/secrets/public-key type=owner
[debug] [2022-12-23T14:42:17.433Z] <<< [apiv2][status] GET https://api.github.com/repos/zhiye-tomo//actions/secrets/public-key 404
[debug] [2022-12-23T14:42:17.433Z] <<< [apiv2][body] GET https://api.github.com/repos/zhiye-tomo//actions/secrets/public-key {"message":"Not Found","documentation_url":"https://docs.github.com/rest"}
